<?xml version="1.0" encoding="UTF-8"?>
<testsuite xmlns:xsi="http://www.w3.org/2001/XMLSchema-instance" xsi:noNamespaceSchemaLocation="https://maven.apache.org/surefire/maven-surefire-plugin/xsd/surefire-test-report-3.0.xsd" version="3.0" name="com.example.recommend.service.FullOfflineEvaluationTest" time="185.284" tests="1" errors="0" skipped="0" failures="0">
  <properties>
[...]
</properties>
  <testcase name="evaluateWithSample" classname="com.example.recommend.service.FullOfflineEvaluationTest" time="173.27">
    <system-out><![CDATA[20:29:09.593 [main] INFO org.springframework.test.context.support.AnnotationConfigContextLoaderUtils -- Could not detect default configuration classes for test class [com.example.recommend.service.FullOfflineEvaluationTest]: FullOfflineEvaluationTest does not declare any static, non-private, non-final, nested classes annotated with @Configuration.
20:29:09.757 [main] INFO org.springframework.boot.test.context.SpringBootTestContextBootstrapper -- Found @SpringBootConfiguration com.example.recommend.RecommendApplication for test class com.example.recommend.service.FullOfflineEvaluationTest

  .   ____          _            __ _ _
 /\\ / ___'_ __ _ _(_)_ __  __ _ \ \ \ \
( ( )\___ | '_ | '_| | '_ \/ _` | \ \ \ \
 \\/  ___)| |_)| | | | | || (_| |  ) ) ) )
  '  |____| .__|_| |_|_| |_\__, | / / / /
 =========|_|==============|___/=/_/_/_/

 :: Spring Boot ::                (v3.3.2)

2026-05-27T20:29:10.298+08:00  INFO 29632 --- [recommend] [           main] c.e.r.service.FullOfflineEvaluationTest  : Starting FullOfflineEvaluationTest using Java 17.0.10 with PID 29632 (started by 寒春初一 in D:\app\ks\recommendtwo)
2026-05-27T20:29:10.299+08:00  INFO 29632 --- [recommend] [           main] c.e.r.service.FullOfflineEvaluationTest  : No active profile set, falling back to 1 default profile: "default"
2026-05-27T20:29:11.217+08:00  INFO 29632 --- [recommend] [           main] .s.d.r.c.RepositoryConfigurationDelegate : Multiple Spring Data modules found, entering strict repository configuration mode
2026-05-27T20:29:11.233+08:00  INFO 29632 --- [recommend] [           main] .s.d.r.c.RepositoryConfigurationDelegate : Bootstrapping Spring Data JPA repositories in DEFAULT mode.
2026-05-27T20:29:11.413+08:00  INFO 29632 --- [recommend] [           main] .s.d.r.c.RepositoryConfigurationDelegate : Finished Spring Data repository scanning in 171 ms. Found 4 JPA repository interfaces.
2026-05-27T20:29:12.289+08:00  INFO 29632 --- [recommend] [           main] com.zaxxer.hikari.HikariDataSource       : HikariPool-1 - Starting...
2026-05-27T20:29:12.515+08:00  INFO 29632 --- [recommend] [           main] com.zaxxer.hikari.pool.HikariPool        : HikariPool-1 - Added connection com.mysql.cj.jdbc.ConnectionImpl@2b3f7704
2026-05-27T20:29:12.517+08:00  INFO 29632 --- [recommend] [           main] com.zaxxer.hikari.HikariDataSource       : HikariPool-1 - Start completed.
2026-05-27T20:29:12.669+08:00  INFO 29632 --- [recommend] [           main] o.hibernate.jpa.internal.util.LogHelper  : HHH000204: Processing PersistenceUnitInfo [name: default]
2026-05-27T20:29:12.776+08:00  INFO 29632 --- [recommend] [           main] org.hibernate.Version                    : HHH000412: Hibernate ORM core version 6.5.2.Final
2026-05-27T20:29:12.824+08:00  INFO 29632 --- [recommend] [           main] o.h.c.internal.RegionFactoryInitiator    : HHH000026: Second-level cache disabled
2026-05-27T20:29:13.310+08:00  INFO 29632 --- [recommend] [           main] o.s.o.j.p.SpringPersistenceUnitInfo      : No LoadTimeWeaver setup: ignoring JPA class transformer
2026-05-27T20:29:13.430+08:00  WARN 29632 --- [recommend] [           main] org.hibernate.orm.deprecation            : HHH90000025: MySQL8Dialect does not need to be specified explicitly using 'hibernate.dialect' (remove the property setting and it will be selected by default)
2026-05-27T20:29:13.433+08:00  WARN 29632 --- [recommend] [           main] org.hibernate.orm.deprecation            : HHH90000026: MySQL8Dialect has been deprecated; use org.hibernate.dialect.MySQLDialect instead
2026-05-27T20:29:14.546+08:00  INFO 29632 --- [recommend] [           main] o.h.e.t.j.p.i.JtaPlatformInitiator       : HHH000489: No JTA platform available (set 'hibernate.transaction.jta.platform' to enable JTA platform integration)
2026-05-27T20:29:14.550+08:00  INFO 29632 --- [recommend] [           main] j.LocalContainerEntityManagerFactoryBean : Initialized JPA EntityManagerFactory for persistence unit 'default'
2026-05-27T20:29:14.931+08:00  INFO 29632 --- [recommend] [           main] o.s.d.j.r.query.QueryEnhancerFactory     : Hibernate is in classpath; If applicable, HQL parser will be used.
2026-05-27T20:29:15.493+08:00  INFO 29632 --- [recommend] [           main] c.e.recommend.service.EmailService       : 已配置真实邮件发送，发件人: 3264299498@qq.com
2026-05-27T20:29:16.047+08:00  INFO 29632 --- [recommend] [           main] c.e.recommend.service.RankingService     : Rebuilding favorite ranking...
2026-05-27T20:29:16.211+08:00  INFO 29632 --- [recommend] [           main] c.e.recommend.service.RankingService     : Favorite ranking rebuilt with 1 items
2026-05-27T20:29:16.447+08:00  INFO 29632 --- [recommend] [           main] o.s.b.a.w.s.WelcomePageHandlerMapping    : Adding welcome page: class path resource [static/index.html]
2026-05-27T20:29:16.755+08:00  WARN 29632 --- [recommend] [           main] ion$DefaultTemplateResolverConfiguration : Cannot find template location: classpath:/templates/ (please add some templates, check your Thymeleaf configuration, or set spring.thymeleaf.check-template-location=false)
2026-05-27T20:29:16.908+08:00  INFO 29632 --- [recommend] [           main] c.e.r.service.FullOfflineEvaluationTest  : Started FullOfflineEvaluationTest in 6.969 seconds (process running for 8.166)
2026-05-27T20:29:16.917+08:00  INFO 29632 --- [recommend] [   scheduling-1] c.e.recommend.service.RankingService     : Rebuilding favorite ranking...
2026-05-27T20:29:16.928+08:00  INFO 29632 --- [recommend] [   scheduling-1] c.e.recommend.service.RankingService     : Favorite ranking rebuilt with 1 items
2026-05-27T20:29:21.375+08:00  INFO 29632 --- [recommend] [           main] c.e.r.s.ItemAssociationPrecomputeService : Refreshed item association snapshot: items=1682, updatedAt=2026-05-27T12:29:21.375222300Z

======================================================================
  ml-1m 采样数据集离线评估（优化版Java算法）
  优化项：调整余弦相似度、置信度加权、自适应邻居数量
======================================================================

评估参数:
  Top-K: 10
  测试集比例: 0.2
  相关性阈值: 4.0
  采样用户数: 943

开始评估...

开始评估 3 个算法 (USER_BASED, ITEM_BASED, HYBRID)...
采样用户数: 943, 实际评估: 907
    [USER_BASED] 开始评估 907 用户...
    [USER_BASED] 进度: 100/907 (11%) - 耗时: 0秒
    [USER_BASED] 进度: 200/907 (22%) - 耗时: 0秒
    [USER_BASED] 进度: 300/907 (33%) - 耗时: 1秒
    [USER_BASED] 进度: 400/907 (44%) - 耗时: 1秒
    [USER_BASED] 进度: 500/907 (55%) - 耗时: 2秒
    [USER_BASED] 进度: 600/907 (66%) - 耗时: 2秒
    [USER_BASED] 进度: 700/907 (77%) - 耗时: 3秒
    [USER_BASED] 进度: 800/907 (88%) - 耗时: 3秒
    [USER_BASED] 进度: 900/907 (99%) - 耗时: 3秒
    [USER_BASED] 完成! 评估用户: 907, 耗时: 3秒
  -> USER_BASED 完成, Precision: 0.0149
    [ITEM_BASED] 开始评估 907 用户...
Building item similarity cache...
Similarity cache built: 1380 items
    [ITEM_BASED] 进度: 100/907 (11%) - 耗时: 3秒
    [ITEM_BASED] 进度: 200/907 (22%) - 耗时: 5秒
    [ITEM_BASED] 进度: 300/907 (33%) - 耗时: 8秒
    [ITEM_BASED] 进度: 400/907 (44%) - 耗时: 10秒
    [ITEM_BASED] 进度: 500/907 (55%) - 耗时: 13秒
    [ITEM_BASED] 进度: 600/907 (66%) - 耗时: 15秒
    [ITEM_BASED] 进度: 700/907 (77%) - 耗时: 17秒
    [ITEM_BASED] 进度: 800/907 (88%) - 耗时: 19秒
    [ITEM_BASED] 进度: 900/907 (99%) - 耗时: 21秒
    [ITEM_BASED] 完成! 评估用户: 907, 耗时: 22秒
  -> ITEM_BASED 完成, Precision: 0.0137
    [HYBRID] 开始评估 907 用户...
    [HYBRID] 进度: 100/907 (11%) - 耗时: 15秒
    [HYBRID] 进度: 200/907 (22%) - 耗时: 30秒
    [HYBRID] 进度: 300/907 (33%) - 耗时: 48秒
    [HYBRID] 进度: 400/907 (44%) - 耗时: 65秒
    [HYBRID] 进度: 500/907 (55%) - 耗时: 82秒
    [HYBRID] 进度: 600/907 (66%) - 耗时: 97秒
    [HYBRID] 进度: 700/907 (77%) - 耗时: 113秒
    [HYBRID] 进度: 800/907 (88%) - 耗时: 127秒
    [HYBRID] 进度: 900/907 (99%) - 耗时: 144秒
    [HYBRID] 完成! 评估用户: 907, 耗时: 145秒
  -> HYBRID 完成, Precision: 0.0870

全部算法评估完成! 总耗时: 171秒

======================================================================
                    评估结果汇总
======================================================================
算法              精确率@10       召回率@10       NDCG@10      覆盖率         
----------------------------------------------------------------------
user            0.014884     0.011824     0.016248     0.435791    
item            0.013671     0.012849     0.016417     0.543401    
hybrid          0.086990     0.089343     0.097714     0.211653    
======================================================================

评估统计:
  可评估用户数: 907
  训练集大小: 79565
  测试集大小: 20368
  评估耗时: 172.50秒 (2.88分钟)

结果已保存至 reports/offline-eval/eval_java_sample_20260527_203214.json
]]></system-out>
  </testcase>
</testsuite>